#
# There is insufficient memory for the Java Runtime Environment to continue.
# Native memory allocation (malloc) failed to allocate 723296 bytes for Chunk::new
# Possible reasons:
#   The system is out of physical RAM or swap space
#   The process is running with CompressedOops enabled, and the Java Heap may be blocking the growth of the native heap
# Possible solutions:
#   Reduce memory load on the system
#   Increase physical memory or swap space
#   Check if swap backing store is full
#   Decrease Java heap size (-Xmx/-Xms)
#   Decrease number of Java threads
#   Decrease Java thread stack sizes (-Xss)
#   Set larger code cache with -XX:ReservedCodeCacheSize=
#   JVM is running with Unscaled Compressed Oops mode in which the Java heap is
#     placed in the first 4GB address space. The Java Heap base address is the
#     maximum limit for the native heap growth. Please use -XX:HeapBaseMinAddress
#     to set the Java Heap base and to place the Java Heap above 4GB virtual address.
# This output file may be truncated or incomplete.
#
#  Out of Memory Error (allocation.cpp:389), pid=21708, tid=0x00000000000055f8
#
# JRE version: OpenJDK Runtime Environment (8.0_242-b01) (build 1.8.0_242-release-1644-b01)
# Java VM: OpenJDK 64-Bit Server VM (25.242-b01 mixed mode windows-amd64 compressed oops)
# Failed to write core dump. Minidumps are not enabled by default on client versions of Windows
#

---------------  T H R E A D  ---------------

Current thread (0x000000001648d800):  JavaThread "C2 CompilerThread1" daemon [_thread_in_native, id=22008, stack(0x0000000017be0000,0x0000000017ce0000)]

Stack: [0x0000000017be0000,0x0000000017ce0000]
[error occurred during error reporting (printing stack bounds), id 0xc0000005]

Native frames: (J=compiled Java code, j=interpreted, Vv=VM code, C=native code)


Current CompileTask:
C2:1068122 8699 % !   4       java.util.jar.Attributes::read @ 177 (380 bytes)


---------------  P R O C E S S  ---------------

Java Threads: ( => current thread )
  0x000000001ab33000 JavaThread "jar transforms Thread 94" [_thread_new, id=22420, stack(0x0000000000000000,0x0000000000000000)]
  0x000000001ab35800 JavaThread "jar transforms Thread 93" [_thread_in_native, id=3672, stack(0x0000000028e40000,0x0000000028f40000)]
  0x000000001ab32800 JavaThread "jar transforms Thread 92" [_thread_in_native, id=16368, stack(0x0000000028d40000,0x0000000028e40000)]
  0x000000001ab31800 JavaThread "jar transforms Thread 91" [_thread_blocked, id=12536, stack(0x0000000028c40000,0x0000000028d40000)]
  0x000000001c615800 JavaThread "jar transforms Thread 90" [_thread_in_native, id=9144, stack(0x0000000028b40000,0x0000000028c40000)]
  0x000000001c615000 JavaThread "jar transforms Thread 89" [_thread_in_native, id=12476, stack(0x0000000028a40000,0x0000000028b40000)]
  0x000000001c614000 JavaThread "jar transforms Thread 88" [_thread_in_native, id=19888, stack(0x0000000028940000,0x0000000028a40000)]
  0x000000001c613800 JavaThread "jar transforms Thread 87" [_thread_in_native, id=9140, stack(0x0000000028840000,0x0000000028940000)]
  0x000000001c612800 JavaThread "jar transforms Thread 86" [_thread_in_native, id=3136, stack(0x0000000028740000,0x0000000028840000)]
  0x000000001c612000 JavaThread "jar transforms Thread 85" [_thread_blocked, id=7752, stack(0x0000000028640000,0x0000000028740000)]
  0x000000001c616800 JavaThread "jar transforms Thread 84" [_thread_in_native, id=21396, stack(0x0000000028540000,0x0000000028640000)]
  0x000000001c60f800 JavaThread "jar transforms Thread 83" [_thread_in_native, id=20540, stack(0x0000000028440000,0x0000000028540000)]
  0x000000001c611000 JavaThread "jar transforms Thread 82" [_thread_in_native, id=12216, stack(0x0000000028340000,0x0000000028440000)]
  0x000000001c610800 JavaThread "jar transforms Thread 81" [_thread_in_native, id=12212, stack(0x0000000028240000,0x0000000028340000)]
  0x000000001c60e000 JavaThread "jar transforms Thread 80" [_thread_blocked, id=12136, stack(0x0000000028040000,0x0000000028140000)]
  0x000000001c60f000 JavaThread "jar transforms Thread 79" [_thread_blocked, id=15704, stack(0x0000000027f40000,0x0000000028040000)]
  0x000000001c60b000 JavaThread "jar transforms Thread 78" [_thread_blocked, id=1224, stack(0x0000000027e40000,0x0000000027f40000)]
  0x000000001c607800 JavaThread "jar transforms Thread 77" [_thread_blocked, id=20716, stack(0x0000000027d40000,0x0000000027e40000)]
  0x000000001c60c000 JavaThread "jar transforms Thread 76" [_thread_blocked, id=21516, stack(0x0000000027c40000,0x0000000027d40000)]
  0x000000001c609800 JavaThread "jar transforms Thread 75" [_thread_blocked, id=12100, stack(0x0000000027b40000,0x0000000027c40000)]
  0x000000001c60d800 JavaThread "jar transforms Thread 74" [_thread_in_native, id=12680, stack(0x0000000027a40000,0x0000000027b40000)]
  0x000000001c60a800 JavaThread "jar transforms Thread 73" [_thread_blocked, id=20700, stack(0x0000000027940000,0x0000000027a40000)]
  0x000000001c609000 JavaThread "jar transforms Thread 72" [_thread_blocked, id=21692, stack(0x0000000027840000,0x0000000027940000)]
  0x000000001c608000 JavaThread "jar transforms Thread 71" [_thread_in_native, id=15688, stack(0x0000000027740000,0x0000000027840000)]
  0x000000001c60c800 JavaThread "jar transforms Thread 70" [_thread_blocked, id=22292, stack(0x0000000027640000,0x0000000027740000)]
  0x00000000194fe000 JavaThread "jar transforms Thread 69" [_thread_in_native, id=21048, stack(0x0000000027540000,0x0000000027640000)]
  0x0000000019504000 JavaThread "jar transforms Thread 68" [_thread_blocked, id=14420, stack(0x0000000027440000,0x0000000027540000)]
  0x00000000194fc800 JavaThread "jar transforms Thread 67" [_thread_blocked, id=18656, stack(0x0000000027340000,0x0000000027440000)]
  0x00000000194fd000 JavaThread "jar transforms Thread 66" [_thread_blocked, id=13276, stack(0x0000000027240000,0x0000000027340000)]
  0x0000000019502800 JavaThread "jar transforms Thread 65" [_thread_blocked, id=22204, stack(0x0000000027140000,0x0000000027240000)]
  0x0000000019503000 JavaThread "jar transforms Thread 64" [_thread_blocked, id=3788, stack(0x0000000027040000,0x0000000027140000)]
  0x0000000019501800 JavaThread "jar transforms Thread 63" [_thread_blocked, id=22220, stack(0x0000000026f40000,0x0000000027040000)]
  0x0000000019501000 JavaThread "jar transforms Thread 62" [_thread_blocked, id=688, stack(0x0000000026e40000,0x0000000026f40000)]
  0x00000000194ff800 JavaThread "jar transforms Thread 61" [_thread_blocked, id=22352, stack(0x0000000026d40000,0x0000000026e40000)]
  0x0000000019500000 JavaThread "jar transforms Thread 60" [_thread_blocked, id=7372, stack(0x0000000026c40000,0x0000000026d40000)]
  0x00000000194f8800 JavaThread "jar transforms Thread 59" [_thread_blocked, id=20988, stack(0x0000000026b40000,0x0000000026c40000)]
  0x00000000194f9000 JavaThread "jar transforms Thread 58" [_thread_blocked, id=8504, stack(0x0000000026a40000,0x0000000026b40000)]
  0x00000000194fe800 JavaThread "jar transforms Thread 57" [_thread_blocked, id=19400, stack(0x0000000026940000,0x0000000026a40000)]
  0x00000000194f4800 JavaThread "jar transforms Thread 56" [_thread_in_native, id=16220, stack(0x0000000026840000,0x0000000026940000)]
  0x00000000194f7800 JavaThread "jar transforms Thread 55" [_thread_blocked, id=21008, stack(0x0000000026740000,0x0000000026840000)]
  0x00000000194fa000 JavaThread "jar transforms Thread 54" [_thread_blocked, id=15288, stack(0x0000000026640000,0x0000000026740000)]
  0x00000000194fb800 JavaThread "jar transforms Thread 53" [_thread_blocked, id=20300, stack(0x0000000026340000,0x0000000026440000)]
  0x00000000194fb000 JavaThread "jar transforms Thread 52" [_thread_blocked, id=1956, stack(0x0000000026240000,0x0000000026340000)]
  0x00000000194f7000 JavaThread "jar transforms Thread 51" [_thread_blocked, id=21016, stack(0x0000000026140000,0x0000000026240000)]
  0x00000000194f6000 JavaThread "jar transforms Thread 50" [_thread_blocked, id=19308, stack(0x0000000026040000,0x0000000026140000)]
  0x00000000194f5800 JavaThread "jar transforms Thread 49" [_thread_in_native, id=21684, stack(0x0000000025f40000,0x0000000026040000)]
  0x000000001d51b800 JavaThread "jar transforms Thread 48" [_thread_blocked, id=16688, stack(0x0000000025e40000,0x0000000025f40000)]
  0x000000001d51e800 JavaThread "jar transforms Thread 47" [_thread_blocked, id=19992, stack(0x0000000025b90000,0x0000000025c90000)]
  0x000000001d51b000 JavaThread "jar transforms Thread 46" [_thread_blocked, id=8784, stack(0x0000000025950000,0x0000000025a50000)]
  0x000000001d521000 JavaThread "jar transforms Thread 45" [_thread_blocked, id=9652, stack(0x0000000025850000,0x0000000025950000)]
  0x000000001d520000 JavaThread "jar transforms Thread 44" [_thread_blocked, id=17932, stack(0x0000000025750000,0x0000000025850000)]
  0x000000001d51d000 JavaThread "jar transforms Thread 43" [_thread_blocked, id=476, stack(0x0000000025d40000,0x0000000025e40000)]
  0x000000001d521800 JavaThread "jar transforms Thread 42" [_thread_blocked, id=21704, stack(0x0000000025a90000,0x0000000025b90000)]
  0x000000001d51e000 JavaThread "jar transforms Thread 41" [_thread_blocked, id=21972, stack(0x0000000024680000,0x0000000024780000)]
  0x000000001d51f800 JavaThread "jar transforms Thread 40" [_thread_blocked, id=16736, stack(0x0000000024580000,0x0000000024680000)]
  0x000000001d516800 JavaThread "jar transforms Thread 39" [_thread_blocked, id=12736, stack(0x0000000024480000,0x0000000024580000)]
  0x000000001d51c800 JavaThread "jar transforms Thread 38" [_thread_blocked, id=14528, stack(0x0000000024380000,0x0000000024480000)]
  0x000000001d51a000 JavaThread "jar transforms Thread 37" [_thread_blocked, id=2772, stack(0x0000000024280000,0x0000000024380000)]
  0x000000001d515000 JavaThread "jar transforms Thread 36" [_thread_blocked, id=14464, stack(0x0000000024180000,0x0000000024280000)]
  0x000000001d512800 JavaThread "jar transforms Thread 35" [_thread_blocked, id=6072, stack(0x0000000024080000,0x0000000024180000)]
  0x000000001d513800 JavaThread "jar transforms Thread 34" [_thread_blocked, id=11008, stack(0x0000000023f80000,0x0000000024080000)]
  0x000000001d515800 JavaThread "jar transforms Thread 33" [_thread_blocked, id=14384, stack(0x0000000023e80000,0x0000000023f80000)]
  0x000000001d518800 JavaThread "jar transforms Thread 32" [_thread_blocked, id=19556, stack(0x0000000023d80000,0x0000000023e80000)]
  0x000000001d519800 JavaThread "jar transforms Thread 31" [_thread_blocked, id=18544, stack(0x0000000023c80000,0x0000000023d80000)]
  0x000000001d514000 JavaThread "jar transforms Thread 30" [_thread_blocked, id=14476, stack(0x0000000023b80000,0x0000000023c80000)]
  0x000000001d517000 JavaThread "jar transforms Thread 29" [_thread_blocked, id=14504, stack(0x0000000023a80000,0x0000000023b80000)]
  0x000000001d518000 JavaThread "jar transforms Thread 28" [_thread_blocked, id=22324, stack(0x0000000023220000,0x0000000023320000)]
  0x000000001df29800 JavaThread "jar transforms Thread 27" [_thread_blocked, id=8984, stack(0x0000000022b40000,0x0000000022c40000)]
  0x000000001df28800 JavaThread "jar transforms Thread 26" [_thread_blocked, id=15840, stack(0x0000000022500000,0x0000000022600000)]
  0x000000001df28000 JavaThread "jar transforms Thread 25" [_thread_blocked, id=6240, stack(0x0000000022400000,0x0000000022500000)]
  0x000000001df27000 JavaThread "jar transforms Thread 24" [_thread_blocked, id=21320, stack(0x0000000022300000,0x0000000022400000)]
  0x000000001df25800 JavaThread "jar transforms Thread 23" [_thread_blocked, id=1132, stack(0x0000000023980000,0x0000000023a80000)]
  0x000000001df25000 JavaThread "jar transforms Thread 22" [_thread_blocked, id=11272, stack(0x0000000023880000,0x0000000023980000)]
  0x000000001df24000 JavaThread "jar transforms Thread 21" [_thread_blocked, id=11016, stack(0x0000000023780000,0x0000000023880000)]
  0x000000001df23800 JavaThread "jar transforms Thread 20" [_thread_blocked, id=1496, stack(0x0000000023680000,0x0000000023780000)]
  0x000000001df26800 JavaThread "jar transforms Thread 19" [_thread_blocked, id=16656, stack(0x0000000023580000,0x0000000023680000)]
  0x000000001df22800 JavaThread "jar transforms Thread 18" [_thread_blocked, id=20928, stack(0x0000000023480000,0x0000000023580000)]
  0x000000001df1b000 JavaThread "jar transforms Thread 17" [_thread_blocked, id=1952, stack(0x0000000023380000,0x0000000023480000)]
  0x000000001df1e000 JavaThread "jar transforms Thread 16" [_thread_blocked, id=21456, stack(0x0000000023120000,0x0000000023220000)]
  0x000000001df1c000 JavaThread "jar transforms Thread 15" [_thread_blocked, id=15400, stack(0x0000000023020000,0x0000000023120000)]
  0x000000001df22000 JavaThread "jar transforms Thread 14" [_thread_blocked, id=15776, stack(0x0000000022f20000,0x0000000023020000)]
  0x000000001df1a800 JavaThread "jar transforms Thread 13" [_thread_blocked, id=1432, stack(0x0000000022e20000,0x0000000022f20000)]
  0x000000001df1d800 JavaThread "jar transforms Thread 12" [_thread_blocked, id=21768, stack(0x0000000022d20000,0x0000000022e20000)]
  0x000000001df21000 JavaThread "jar transforms Thread 11" [_thread_blocked, id=16824, stack(0x0000000022870000,0x0000000022970000)]
  0x000000001df1f000 JavaThread "jar transforms Thread 10" [_thread_blocked, id=1288, stack(0x0000000022a40000,0x0000000022b40000)]
  0x000000001df20800 JavaThread "jar transforms Thread 9" [_thread_blocked, id=21720, stack(0x0000000022770000,0x0000000022870000)]
  0x000000001df1f800 JavaThread "jar transforms Thread 8" [_thread_blocked, id=1488, stack(0x0000000022670000,0x0000000022770000)]
  0x000000001df1c800 JavaThread "jar transforms Thread 7" [_thread_blocked, id=20656, stack(0x0000000022200000,0x0000000022300000)]
  0x000000001a23f800 JavaThread "jar transforms Thread 6" [_thread_blocked, id=14568, stack(0x0000000022100000,0x0000000022200000)]
  0x000000001a239800 JavaThread "jar transforms Thread 5" [_thread_blocked, id=19460, stack(0x0000000022000000,0x0000000022100000)]
  0x000000001878e000 JavaThread "jar transforms Thread 4" [_thread_blocked, id=20196, stack(0x0000000020720000,0x0000000020820000)]
  0x000000001878c800 JavaThread "jar transforms Thread 3" [_thread_blocked, id=11696, stack(0x000000001eaa0000,0x000000001eba0000)]
  0x0000000018790800 JavaThread "File lock release action executor Thread 2" [_thread_blocked, id=21328, stack(0x000000001bb00000,0x000000001bc00000)]
  0x000000001a243800 JavaThread "Build operations Thread 4" [_thread_blocked, id=9908, stack(0x0000000021b00000,0x0000000021c00000)]
  0x000000001a242800 JavaThread "Build operations Thread 3" [_thread_blocked, id=8832, stack(0x0000000021a00000,0x0000000021b00000)]
  0x000000001a23b000 JavaThread "Build operations Thread 2" [_thread_blocked, id=22436, stack(0x0000000021900000,0x0000000021a00000)]
  0x000000001a242000 JavaThread "Build operations" [_thread_blocked, id=20652, stack(0x0000000021200000,0x0000000021300000)]
  0x000000001a23a000 JavaThread "Cache worker for Build Output Cleanup Cache (C:\Users\AB\AndroidStudioProjects\future_face_flutter-main\android\.gradle\buildOutputCleanup)" [_thread_blocked, id=11968, stack(0x000000001fe20000,0x000000001ff20000)]
  0x000000001a23f000 JavaThread "Cache worker for cache directory md-rule (C:\Users\AB\.gradle\caches\6.7\md-rule)" [_thread_blocked, id=21364, stack(0x000000001e9a0000,0x000000001eaa0000)]
  0x000000001a241000 JavaThread "Cache worker for cache directory md-supplier (C:\Users\AB\.gradle\caches\6.7\md-supplier)" [_thread_blocked, id=11232, stack(0x000000001bf00000,0x000000001c000000)]
  0x000000001a23e000 JavaThread "Cache worker for checksums cache (C:\Users\AB\AndroidStudioProjects\future_face_flutter-main\android\.gradle\checksums)" [_thread_blocked, id=1836, stack(0x000000001be00000,0x000000001bf00000)]
  0x000000001a240800 JavaThread "Cache worker for file hash cache (C:\Users\AB\AndroidStudioProjects\future_face_flutter-main\android\.gradle\6.7\fileHashes)" [_thread_blocked, id=16060, stack(0x000000001bd00000,0x000000001be00000)]
  0x000000001a236800 JavaThread "Thread-40" [_thread_blocked, id=20564, stack(0x000000001bc00000,0x000000001bd00000)]
  0x000000001a238000 JavaThread "Asynchronous log dispatcher for DefaultDaemonConnection: socket connection from /127.0.0.1:50987 to /127.0.0.1:60279" [_thread_blocked, id=11208, stack(0x000000001ba00000,0x000000001bb00000)]
  0x000000001a23c800 JavaThread "Daemon worker Thread 2" [_thread_blocked, id=12436, stack(0x000000001b700000,0x000000001b800000)]
  0x000000001a23d800 JavaThread "Cancel handler" [_thread_blocked, id=11436, stack(0x000000001b2c0000,0x000000001b3c0000)]
  0x000000001a237000 JavaThread "Handler for socket connection from /127.0.0.1:50987 to /127.0.0.1:60279" [_thread_in_native, id=20156, stack(0x000000001b1c0000,0x000000001b2c0000)]
  0x000000001a23c000 JavaThread "Daemon Thread 2" [_thread_blocked, id=1292, stack(0x0000000000e20000,0x0000000000f20000)]
  0x000000001a235800 JavaThread "Cache worker for file content cache (C:\Users\AB\.gradle\caches\6.7\fileContent)" [_thread_blocked, id=22076, stack(0x0000000020c20000,0x0000000020d20000)]
  0x000000001878f800 JavaThread "Cache worker for execution history cache (C:\Users\AB\.gradle\caches\6.7\executionHistory)" [_thread_blocked, id=22124, stack(0x0000000020020000,0x0000000020120000)]
  0x0000000018793800 JavaThread "Cache worker for journal cache (C:\Users\AB\.gradle\caches\journal-1)" [_thread_blocked, id=21532, stack(0x000000001e4a0000,0x000000001e5a0000)]
  0x0000000018792800 JavaThread "File lock request listener" [_thread_in_native, id=21252, stack(0x000000001c400000,0x000000001c500000)]
  0x000000001a45b800 JavaThread "Cache worker for file hash cache (C:\Users\AB\.gradle\caches\6.7\fileHashes)" [_thread_in_native, id=17844, stack(0x000000001c200000,0x000000001c300000)]
  0x000000001801d000 JavaThread "Daemon periodic checks" [_thread_blocked, id=21788, stack(0x000000001b600000,0x000000001b700000)]
  0x000000001a040000 JavaThread "Incoming local TCP Connector on port 50987" [_thread_in_native, id=21864, stack(0x000000001b3c0000,0x000000001b4c0000)]
  0x0000000019f08000 JavaThread "Daemon health stats" [_thread_blocked, id=22048, stack(0x000000001ab80000,0x000000001ac80000)]
  0x0000000017e21800 JavaThread "Service Thread" daemon [_thread_blocked, id=21960, stack(0x00000000181e0000,0x00000000182e0000)]
  0x0000000016490800 JavaThread "C1 CompilerThread2" daemon [_thread_blocked, id=21988, stack(0x0000000017ce0000,0x0000000017de0000)]
=>0x000000001648d800 JavaThread "C2 CompilerThread1" daemon [_thread_in_native, id=22008, stack(0x0000000017be0000,0x0000000017ce0000)]
  0x0000000016489800 JavaThread "C2 CompilerThread0" daemon [_thread_in_native, id=21996, stack(0x0000000017ae0000,0x0000000017be0000)]
  0x0000000016488000 JavaThread "Attach Listener" daemon [_thread_blocked, id=20124, stack(0x00000000179e0000,0x0000000017ae0000)]
  0x0000000016487800 JavaThread "Signal Dispatcher" daemon [_thread_blocked, id=17952, stack(0x00000000178e0000,0x00000000179e0000)]
  0x0000000002b0d000 JavaThread "Finalizer" daemon [_thread_blocked, id=10772, stack(0x00000000176e0000,0x00000000177e0000)]
  0x0000000002b04800 JavaThread "Reference Handler" daemon [_thread_blocked, id=14556, stack(0x00000000175e0000,0x00000000176e0000)]
  0x000000000288e000 JavaThread "main" [_thread_blocked, id=13100, stack(0x0000000002910000,0x0000000002a10000)]

Other Threads:
  0x0000000016446000 VMThread [stack: 0x00000000174e0000,0x00000000175e0000] [id=21664]
  0x0000000017e22000 WatcherThread [stack: 0x00000000182e0000,0x00000000183e0000] [id=21992]

VM state:not at safepoint (normal execution)

VM Mutex/Monitor currently owned by a thread: None

OutOfMemory and StackOverflow Exception counts:
StackOverflowErrors=1

heap address: 0x00000000a0000000, size: 1536 MB, Compressed Oops mode: 32-bit
Narrow klass base: 0x0000000000000000, Narrow klass shift: 3
Compressed class space size: 1073741824 Address: 0x0000000100000000

Heap:
 PSYoungGen      total 247808K, used 24256K [0x00000000e0000000, 0x00000000f3400000, 0x0000000100000000)
  eden space 231936K, 8% used [0x00000000e0000000,0x00000000e1265028,0x00000000ee280000)
  from space 15872K, 34% used [0x00000000ee280000,0x00000000ee7cb178,0x00000000ef200000)
  to   space 15872K, 0% used [0x00000000f2480000,0x00000000f2480000,0x00000000f3400000)
 ParOldGen       total 174080K, used 32204K [0x00000000a0000000, 0x00000000aaa00000, 0x00000000e0000000)
  object space 174080K, 18% used [0x00000000a0000000,0x00000000a1f73288,0x00000000aaa00000)
 Metaspace       used 49873K, capacity 51776K, committed 52096K, reserved 1095680K
  class space    used 6303K, capacity 6661K, committed 6784K, reserved 1048576K

Card table byte_map: [0x0000000011ed0000,0x00000000121e0000] byte_map_base: 0x00000000119d0000

Marking Bits: (ParMarkBitMap*) 0x0000000054fcf030
 Begin Bits: [0x00000000127e0000, 0x0000000013fe0000)
 End Bits:   [0x0000000013fe0000, 0x00000000157e0000)

Polling page: 0x0000000000fd0000

CodeCache: size=245760Kb used=28109Kb max_used=28121Kb free=217650Kb
 bounds [0x0000000002b10000, 0x00000000046b0000, 0x0000000011b10000]
 total_blobs=8241 nmethods=7440 adapters=712
 compilation: enabled

Compilation events (10 events):
Event: 1068.065 Thread 0x0000000016490800 nmethod 8703 0x0000000004686b10 code [0x0000000004686c60, 0x0000000004686db0]
Event: 1068.065 Thread 0x0000000016490800 8704       3       java.nio.Bits::int1 (6 bytes)
Event: 1068.065 Thread 0x0000000016490800 nmethod 8704 0x0000000004686810 code [0x0000000004686960, 0x0000000004686ab0]
Event: 1068.065 Thread 0x0000000016490800 8705       3       java.nio.Bits::int0 (3 bytes)
Event: 1068.065 Thread 0x0000000016490800 nmethod 8705 0x00000000046968d0 code [0x0000000004696a20, 0x0000000004696b50]
Event: 1068.072 Thread 0x0000000016489800 nmethod 8707 0x0000000004696190 code [0x0000000004696300, 0x00000000046966b8]
Event: 1068.072 Thread 0x0000000016489800 8708       4       org.gradle.internal.classpath.InstrumentingTransformer::apply (18 bytes)
Event: 1068.081 Thread 0x0000000016489800 nmethod 8708 0x000000000467d4d0 code [0x000000000467d660, 0x000000000467daa8]
Event: 1068.081 Thread 0x0000000016489800 8709       4       org.gradle.internal.classpath.ClasspathWalker$ZipClasspathEntry::getPath (9 bytes)
Event: 1068.100 Thread 0x0000000016489800 nmethod 8709 0x000000000467ce10 code [0x000000000467cf80, 0x000000000467d1e8]

GC Heap History (10 events):
Event: 1063.018 GC heap before
{Heap before GC invocations=21 (full 2):
 PSYoungGen      total 199168K, used 191129K [0x00000000e0000000, 0x00000000ed380000, 0x0000000100000000)
  eden space 184320K, 100% used [0x00000000e0000000,0x00000000eb400000,0x00000000eb400000)
  from space 14848K, 45% used [0x00000000ec300000,0x00000000ec9a67f8,0x00000000ed180000)
  to   space 15360K, 0% used [0x00000000eb400000,0x00000000eb400000,0x00000000ec300000)
 ParOldGen       total 174080K, used 25826K [0x00000000a0000000, 0x00000000aaa00000, 0x00000000e0000000)
  object space 174080K, 14% used [0x00000000a0000000,0x00000000a1938b60,0x00000000aaa00000)
 Metaspace       used 49835K, capacity 51712K, committed 51840K, reserved 1093632K
  class space    used 6301K, capacity 6661K, committed 6784K, reserved 1048576K
Event: 1063.044 GC heap after
Heap after GC invocations=21 (full 2):
 PSYoungGen      total 199680K, used 4194K [0x00000000e0000000, 0x00000000f0180000, 0x0000000100000000)
  eden space 184320K, 0% used [0x00000000e0000000,0x00000000e0000000,0x00000000eb400000)
  from space 15360K, 27% used [0x00000000eb400000,0x00000000eb818b98,0x00000000ec300000)
  to   space 15872K, 0% used [0x00000000ef200000,0x00000000ef200000,0x00000000f0180000)
 ParOldGen       total 174080K, used 28783K [0x00000000a0000000, 0x00000000aaa00000, 0x00000000e0000000)
  object space 174080K, 16% used [0x00000000a0000000,0x00000000a1c1bca0,0x00000000aaa00000)
 Metaspace       used 49835K, capacity 51712K, committed 51840K, reserved 1093632K
  class space    used 6301K, capacity 6661K, committed 6784K, reserved 1048576K
}
Event: 1064.173 GC heap before
{Heap before GC invocations=22 (full 2):
 PSYoungGen      total 199680K, used 188514K [0x00000000e0000000, 0x00000000f0180000, 0x0000000100000000)
  eden space 184320K, 100% used [0x00000000e0000000,0x00000000eb400000,0x00000000eb400000)
  from space 15360K, 27% used [0x00000000eb400000,0x00000000eb818b98,0x00000000ec300000)
  to   space 15872K, 0% used [0x00000000ef200000,0x00000000ef200000,0x00000000f0180000)
 ParOldGen       total 174080K, used 28812K [0x00000000a0000000, 0x00000000aaa00000, 0x00000000e0000000)
  object space 174080K, 16% used [0x00000000a0000000,0x00000000a1c23000,0x00000000aaa00000)
 Metaspace       used 49857K, capacity 51776K, committed 52096K, reserved 1095680K
  class space    used 6302K, capacity 6661K, committed 6784K, reserved 1048576K
Event: 1064.191 GC heap after
Heap after GC invocations=22 (full 2):
 PSYoungGen      total 241664K, used 3764K [0x00000000e0000000, 0x00000000efe80000, 0x0000000100000000)
  eden space 228864K, 0% used [0x00000000e0000000,0x00000000e0000000,0x00000000edf80000)
  from space 12800K, 29% used [0x00000000ef200000,0x00000000ef5ad0c0,0x00000000efe80000)
  to   space 15872K, 0% used [0x00000000edf80000,0x00000000edf80000,0x00000000eef00000)
 ParOldGen       total 174080K, used 29402K [0x00000000a0000000, 0x00000000aaa00000, 0x00000000e0000000)
  object space 174080K, 16% used [0x00000000a0000000,0x00000000a1cb6b88,0x00000000aaa00000)
 Metaspace       used 49857K, capacity 51776K, committed 52096K, reserved 1095680K
  class space    used 6302K, capacity 6661K, committed 6784K, reserved 1048576K
}
Event: 1065.787 GC heap before
{Heap before GC invocations=23 (full 2):
 PSYoungGen      total 241664K, used 232628K [0x00000000e0000000, 0x00000000efe80000, 0x0000000100000000)
  eden space 228864K, 100% used [0x00000000e0000000,0x00000000edf80000,0x00000000edf80000)
  from space 12800K, 29% used [0x00000000ef200000,0x00000000ef5ad0c0,0x00000000efe80000)
  to   space 15872K, 0% used [0x00000000edf80000,0x00000000edf80000,0x00000000eef00000)
 ParOldGen       total 174080K, used 30598K [0x00000000a0000000, 0x00000000aaa00000, 0x00000000e0000000)
  object space 174080K, 17% used [0x00000000a0000000,0x00000000a1de1bc0,0x00000000aaa00000)
 Metaspace       used 49866K, capacity 51776K, committed 52096K, reserved 1095680K
  class space    used 6303K, capacity 6661K, committed 6784K, reserved 1048576K
Event: 1065.889 GC heap after
Heap after GC invocations=23 (full 2):
 PSYoungGen      total 244736K, used 4034K [0x00000000e0000000, 0x00000000efe80000, 0x0000000100000000)
  eden space 228864K, 0% used [0x00000000e0000000,0x00000000e0000000,0x00000000edf80000)
  from space 15872K, 25% used [0x00000000edf80000,0x00000000ee370b50,0x00000000eef00000)
  to   space 12800K, 0% used [0x00000000ef200000,0x00000000ef200000,0x00000000efe80000)
 ParOldGen       total 174080K, used 31118K [0x00000000a0000000, 0x00000000aaa00000, 0x00000000e0000000)
  object space 174080K, 17% used [0x00000000a0000000,0x00000000a1e63bc0,0x00000000aaa00000)
 Metaspace       used 49866K, capacity 51776K, committed 52096K, reserved 1095680K
  class space    used 6303K, capacity 6661K, committed 6784K, reserved 1048576K
}
Event: 1067.309 GC heap before
{Heap before GC invocations=24 (full 2):
 PSYoungGen      total 244736K, used 232898K [0x00000000e0000000, 0x00000000efe80000, 0x0000000100000000)
  eden space 228864K, 100% used [0x00000000e0000000,0x00000000edf80000,0x00000000edf80000)
  from space 15872K, 25% used [0x00000000edf80000,0x00000000ee370b50,0x00000000eef00000)
  to   space 12800K, 0% used [0x00000000ef200000,0x00000000ef200000,0x00000000efe80000)
 ParOldGen       total 174080K, used 31122K [0x00000000a0000000, 0x00000000aaa00000, 0x00000000e0000000)
  object space 174080K, 17% used [0x00000000a0000000,0x00000000a1e64bc8,0x00000000aaa00000)
 Metaspace       used 49868K, capacity 51776K, committed 52096K, reserved 1095680K
  class space    used 6303K, capacity 6661K, committed 6784K, reserved 1048576K
Event: 1067.328 GC heap after
Heap after GC invocations=24 (full 2):
 PSYoungGen      total 244736K, used 4660K [0x00000000e0000000, 0x00000000f3400000, 0x0000000100000000)
  eden space 231936K, 0% used [0x00000000e0000000,0x00000000e0000000,0x00000000ee280000)
  from space 12800K, 36% used [0x00000000ef200000,0x00000000ef68d290,0x00000000efe80000)
  to   space 15872K, 0% used [0x00000000ee280000,0x00000000ee280000,0x00000000ef200000)
 ParOldGen       total 174080K, used 31538K [0x00000000a0000000, 0x00000000aaa00000, 0x00000000e0000000)
  object space 174080K, 18% used [0x00000000a0000000,0x00000000a1eccbe8,0x00000000aaa00000)
 Metaspace       used 49868K, capacity 51776K, committed 52096K, reserved 1095680K
  class space    used 6303K, capacity 6661K, committed 6784K, reserved 1048576K
}
Event: 1068.092 GC heap before
{Heap before GC invocations=25 (full 2):
 PSYoungGen      total 244736K, used 236596K [0x00000000e0000000, 0x00000000f3400000, 0x0000000100000000)
  eden space 231936K, 100% used [0x00000000e0000000,0x00000000ee280000,0x00000000ee280000)
  from space 12800K, 36% used [0x00000000ef200000,0x00000000ef68d290,0x00000000efe80000)
  to   space 15872K, 0% used [0x00000000ee280000,0x00000000ee280000,0x00000000ef200000)
 ParOldGen       total 174080K, used 31634K [0x00000000a0000000, 0x00000000aaa00000, 0x00000000e0000000)
  object space 174080K, 18% used [0x00000000a0000000,0x00000000a1ee4858,0x00000000aaa00000)
 Metaspace       used 49873K, capacity 51776K, committed 52096K, reserved 1095680K
  class space    used 6303K, capacity 6661K, committed 6784K, reserved 1048576K
Event: 1068.100 GC heap after
Heap after GC invocations=25 (full 2):
 PSYoungGen      total 247808K, used 5420K [0x00000000e0000000, 0x00000000f3400000, 0x0000000100000000)
  eden space 231936K, 0% used [0x00000000e0000000,0x00000000e0000000,0x00000000ee280000)
  from space 15872K, 34% used [0x00000000ee280000,0x00000000ee7cb178,0x00000000ef200000)
  to   space 15872K, 0% used [0x00000000f2480000,0x00000000f2480000,0x00000000f3400000)
 ParOldGen       total 174080K, used 32204K [0x00000000a0000000, 0x00000000aaa00000, 0x00000000e0000000)
  object space 174080K, 18% used [0x00000000a0000000,0x00000000a1f73288,0x00000000aaa00000)
 Metaspace       used 49873K, capacity 51776K, committed 52096K, reserved 1095680K
  class space    used 6303K, capacity 6661K, committed 6784K, reserved 1048576K
}

Deoptimization events (10 events):
Event: 1064.235 Thread 0x00000000194f5800 Uncommon trap: reason=unstable_if action=reinterpret pc=0x00000000044014fc method=org.objectweb.asm.ClassReader.readElementValues(Lorg/objectweb/asm/AnnotationVisitor;IZ[C)I @ 78
Event: 1064.605 Thread 0x00000000194f5800 Uncommon trap: reason=unstable_if action=reinterpret pc=0x000000000458b848 method=org.gradle.internal.classpath.InstrumentingTransformer$InstrumentingMethodVisitor.visitMethodInsn(ILjava/lang/String;Ljava/lang/String;Ljava/lang/String;Z)V @ 37
Event: 1064.666 Thread 0x00000000194f5800 Uncommon trap: reason=unstable_if action=reinterpret pc=0x000000000458e01c method=org.objectweb.asm.AnnotationWriter.putAnnotations(Lorg/objectweb/asm/SymbolTable;Lorg/objectweb/asm/AnnotationWriter;Lorg/objectweb/asm/AnnotationWriter;Lorg/objectweb/asm/A
Event: 1064.710 Thread 0x0000000019504000 Uncommon trap: reason=unstable_if action=reinterpret pc=0x0000000002dd6408 method=java.util.jar.Manifest$FastInputStream.readLine([BII)I @ 87
Event: 1064.718 Thread 0x0000000019504000 Uncommon trap: reason=unstable_if action=reinterpret pc=0x00000000044e6654 method=org.gradle.internal.classpath.InstrumentingClasspathFileTransformer.lambda$visitEntries$1(Lorg/gradle/internal/classpath/ClasspathBuilder$EntryBuilder;Lorg/gradle/internal/c
Event: 1064.734 Thread 0x0000000019504000 Uncommon trap: reason=unstable_if action=reinterpret pc=0x00000000044a789c method=java.util.zip.ZipInputStream.closeEntry()V @ 19
Event: 1064.814 Thread 0x0000000019502800 Uncommon trap: reason=unstable_if action=reinterpret pc=0x00000000041d14b8 method=org.objectweb.asm.MethodWriter.visitLocalVariable(Ljava/lang/String;Ljava/lang/String;Ljava/lang/String;Lorg/objectweb/asm/Label;Lorg/objectweb/asm/Label;I)V @ 188
Event: 1066.748 Thread 0x000000001c609000 Uncommon trap: reason=unstable_if action=reinterpret pc=0x0000000004604a28 method=org.objectweb.asm.ClassWriter.toByteArray()[B @ 719
Event: 1066.748 Thread 0x000000001c609000 Uncommon trap: reason=unstable_if action=reinterpret pc=0x0000000004631828 method=org.objectweb.asm.MethodWriter.putMethodInfo(Lorg/objectweb/asm/ByteVector;)V @ 9
Event: 1067.988 Thread 0x000000001c614000 Uncommon trap: reason=unstable_if action=reinterpret pc=0x00000000045ca538 method=org.gradle.internal.classpath.InstrumentingClasspathFileTransformer.lambda$visitEntries$1(Lorg/gradle/internal/classpath/ClasspathBuilder$EntryBuilder;Lorg/gradle/internal/c

Classes redefined (0 events):
No events

Internal exceptions (10 events):
Event: 1067.831 Thread 0x000000001c60f000 Exception <a 'sun/nio/fs/WindowsException'> (0x00000000e00c2938) thrown at [C:\src\AOSP-openjdk-git\hotspot\src\share\vm\prims\jni.cpp, line 710]
Event: 1067.832 Thread 0x000000001c60b000 Exception <a 'sun/nio/fs/WindowsException'> (0x00000000e1194d40) thrown at [C:\src\AOSP-openjdk-git\hotspot\src\share\vm\prims\jni.cpp, line 710]
Event: 1067.881 Thread 0x000000001c609800 Exception <a 'sun/nio/fs/WindowsException'> (0x00000000e00e1bd0) thrown at [C:\src\AOSP-openjdk-git\hotspot\src\share\vm\prims\jni.cpp, line 710]
Event: 1067.946 Thread 0x000000001a239800 Exception <a 'sun/nio/fs/WindowsException'> (0x00000000e092a7b8) thrown at [C:\src\AOSP-openjdk-git\hotspot\src\share\vm\prims\jni.cpp, line 710]
Event: 1067.988 Thread 0x000000001c60c000 Exception <a 'sun/nio/fs/WindowsException'> (0x00000000ecba3cb0) thrown at [C:\src\AOSP-openjdk-git\hotspot\src\share\vm\prims\jni.cpp, line 710]
Event: 1067.989 Thread 0x000000001c60c000 Exception <a 'sun/nio/fs/WindowsException'> (0x00000000ecba4080) thrown at [C:\src\AOSP-openjdk-git\hotspot\src\share\vm\prims\jni.cpp, line 710]
Event: 1068.038 Thread 0x000000001c615000 Exception <a 'sun/nio/fs/WindowsException'> (0x00000000ed18e328) thrown at [C:\src\AOSP-openjdk-git\hotspot\src\share\vm\prims\jni.cpp, line 710]
Event: 1068.090 Thread 0x000000001ab31800 StackOverflowError at 0x000000000404c500
Event: 1068.090 Thread 0x000000001ab31800 Exception <a 'java/lang/StackOverflowError'> (0x00000000a1ed71c8) thrown at [C:\src\AOSP-openjdk-git\hotspot\src\share\vm\runtime\sharedRuntime.cpp, line 605]
Event: 1068.091 Thread 0x000000001c612800 Exception <a 'sun/nio/fs/WindowsException'> (0x00000000e8dd8600) thrown at [C:\src\AOSP-openjdk-git\hotspot\src\share\vm\prims\jni.cpp, line 710]

Events (10 events):
Event: 1067.988 Thread 0x000000001c614000 DEOPT PACKING pc=0x00000000045ca538 sp=0x0000000028a3ece0
Event: 1067.988 Thread 0x000000001c614000 DEOPT UNPACKING pc=0x0000000002b5557b sp=0x0000000028a3ed00 mode 2
Event: 1067.988 Thread 0x000000001c614000 DEOPT PACKING pc=0x00000000045b44c2 sp=0x0000000028a3eb30
Event: 1067.988 Thread 0x000000001c614000 DEOPT UNPACKING pc=0x0000000002b575d0 sp=0x0000000028a3e880 mode 0
Event: 1068.079 Thread 0x000000001ab35800 Thread added: 0x000000001ab35800
Event: 1068.085 Executing VM operation: ParallelGCFailedAllocation
Event: 1068.090 Executing VM operation: ParallelGCFailedAllocation done
Event: 1068.091 Executing VM operation: ParallelGCSystemGC
Event: 1068.100 Executing VM operation: ParallelGCSystemGC done
Event: 1068.103 Thread 0x000000001ab33000 Thread added: 0x000000001ab33000


Dynamic libraries:
0x00007ff64b770000 - 0x00007ff64b7a1000 	K:\ok\jre\bin\java.exe
0x00007ffb4d390000 - 0x00007ffb4d585000 	C:\WINDOWS\SYSTEM32\ntdll.dll
0x00007ffb4caf0000 - 0x00007ffb4cbad000 	C:\WINDOWS\System32\KERNEL32.DLL
0x00007ffb4b120000 - 0x00007ffb4b3e9000 	C:\WINDOWS\System32\KERNELBASE.dll
0x00007ffb4cc60000 - 0x00007ffb4cd0c000 	C:\WINDOWS\System32\ADVAPI32.dll
0x00007ffb4bf50000 - 0x00007ffb4bfee000 	C:\WINDOWS\System32\msvcrt.dll
0x00007ffb4cbb0000 - 0x00007ffb4cc4b000 	C:\WINDOWS\System32\sechost.dll
0x00007ffb4b6a0000 - 0x00007ffb4b7ca000 	C:\WINDOWS\System32\RPCRT4.dll
0x00007ffb4d190000 - 0x00007ffb4d330000 	C:\WINDOWS\System32\USER32.dll
0x00007ffb4aca0000 - 0x00007ffb4acc2000 	C:\WINDOWS\System32\win32u.dll
0x00007ffb4b960000 - 0x00007ffb4b98a000 	C:\WINDOWS\System32\GDI32.dll
0x00007ffb4afb0000 - 0x00007ffb4b0bb000 	C:\WINDOWS\System32\gdi32full.dll
0x00007ffb4acd0000 - 0x00007ffb4ad6d000 	C:\WINDOWS\System32\msvcp_win.dll
0x00007ffb4aeb0000 - 0x00007ffb4afb0000 	C:\WINDOWS\System32\ucrtbase.dll
0x00007ffb339d0000 - 0x00007ffb33c6a000 	C:\WINDOWS\WinSxS\amd64_microsoft.windows.common-controls_6595b64144ccf1df_6.0.19041.1110_none_60b5254171f9507e\COMCTL32.dll
0x00007ffb4bea0000 - 0x00007ffb4bed0000 	C:\WINDOWS\System32\IMM32.DLL
0x0000000055050000 - 0x0000000055122000 	K:\ok\jre\jre\bin\msvcr100.dll
0x0000000054800000 - 0x000000005504b000 	K:\ok\jre\jre\bin\server\jvm.dll
0x00007ffb4cc50000 - 0x00007ffb4cc58000 	C:\WINDOWS\System32\PSAPI.DLL
0x00007ffb2cef0000 - 0x00007ffb2cef9000 	C:\WINDOWS\SYSTEM32\WSOCK32.dll
0x00007ffb39910000 - 0x00007ffb39937000 	C:\WINDOWS\SYSTEM32\WINMM.dll
0x00007ffb4bff0000 - 0x00007ffb4c05b000 	C:\WINDOWS\System32\WS2_32.dll
0x00007ffb3d130000 - 0x00007ffb3d13a000 	C:\WINDOWS\SYSTEM32\VERSION.dll
0x00007ffb297b0000 - 0x00007ffb297bf000 	K:\ok\jre\jre\bin\verify.dll
0x00007ffaf2b10000 - 0x00007ffaf2b39000 	K:\ok\jre\jre\bin\java.dll
0x00007ffafd270000 - 0x00007ffafd286000 	K:\ok\jre\jre\bin\zip.dll
0x00007ffb4c060000 - 0x00007ffb4c79f000 	C:\WINDOWS\System32\SHELL32.dll
0x00007ffb48bd0000 - 0x00007ffb49360000 	C:\WINDOWS\SYSTEM32\windows.storage.dll
0x00007ffb4ba40000 - 0x00007ffb4bd95000 	C:\WINDOWS\System32\combase.dll
0x00007ffb4a520000 - 0x00007ffb4a54c000 	C:\WINDOWS\SYSTEM32\Wldp.dll
0x00007ffb4b990000 - 0x00007ffb4ba3e000 	C:\WINDOWS\System32\SHCORE.dll
0x00007ffb4ca90000 - 0x00007ffb4cae5000 	C:\WINDOWS\System32\shlwapi.dll
0x00007ffb4aa00000 - 0x00007ffb4aa1f000 	C:\WINDOWS\SYSTEM32\profapi.dll
0x00007ffaf9930000 - 0x00007ffaf994a000 	K:\ok\jre\jre\bin\net.dll
0x00007ffb4a280000 - 0x00007ffb4a2ea000 	C:\WINDOWS\system32\mswsock.dll
0x00007ffaf2af0000 - 0x00007ffaf2b03000 	K:\ok\jre\jre\bin\nio.dll
0x00007ffaef330000 - 0x00007ffaef356000 	C:\Users\AB\.gradle\native\fdc75f09e3144964f2cf3f50f0aa648679c211496f362492102eb8c894070792\windows-amd64\native-platform.dll
0x00007ffaede20000 - 0x00007ffaedfb1000 	C:\Users\AB\.gradle\native\12488b8bf47d2d4c9fbf2f6322a914ad602e24e48041cd04a747c6da556b65c4\windows-amd64\native-platform-file-events.dll
0x00007ffb0b890000 - 0x00007ffb0b89d000 	K:\ok\jre\jre\bin\management.dll
0x00007ffb4a470000 - 0x00007ffb4a488000 	C:\WINDOWS\SYSTEM32\CRYPTSP.dll
0x00007ffb49b90000 - 0x00007ffb49bc4000 	C:\WINDOWS\system32\rsaenh.dll
0x00007ffb4ab10000 - 0x00007ffb4ab37000 	C:\WINDOWS\System32\bcrypt.dll
0x00007ffb4a9c0000 - 0x00007ffb4a9ee000 	C:\WINDOWS\SYSTEM32\USERENV.dll
0x00007ffb4ad70000 - 0x00007ffb4adf3000 	C:\WINDOWS\System32\bcryptprimitives.dll
0x00007ffb4a490000 - 0x00007ffb4a49c000 	C:\WINDOWS\SYSTEM32\CRYPTBASE.dll
0x00007ffb49f20000 - 0x00007ffb49f5b000 	C:\WINDOWS\SYSTEM32\IPHLPAPI.DLL
0x00007ffb4c7a0000 - 0x00007ffb4c7a8000 	C:\WINDOWS\System32\NSI.dll
0x00007ffb40750000 - 0x00007ffb40767000 	C:\WINDOWS\SYSTEM32\dhcpcsvc6.DLL
0x00007ffb40630000 - 0x00007ffb4064d000 	C:\WINDOWS\SYSTEM32\dhcpcsvc.DLL
0x00007ffb49f70000 - 0x00007ffb4a03c000 	C:\WINDOWS\SYSTEM32\DNSAPI.dll
0x00007ffb42620000 - 0x00007ffb4262b000 	C:\WINDOWS\SYSTEM32\WINNSI.DLL
0x00007ffb1fcf0000 - 0x00007ffb1fd14000 	K:\ok\jre\jre\bin\sunec.dll
0x00007ffb3c9e0000 - 0x00007ffb3c9ea000 	C:\Windows\System32\rasadhlp.dll
0x00007ffb3c9f0000 - 0x00007ffb3ca6f000 	C:\WINDOWS\System32\fwpuclnt.dll
0x00007ffb3c660000 - 0x00007ffb3c66b000 	K:\ok\jre\jre\bin\sunmscapi.dll
0x00007ffb4ab40000 - 0x00007ffb4ac9f000 	C:\WINDOWS\System32\CRYPT32.dll

VM Arguments:
jvm_args: -Xmx1536M -Dfile.encoding=windows-1252 -Duser.country=US -Duser.language=en -Duser.variant 
java_command: org.gradle.launcher.daemon.bootstrap.GradleDaemon 6.7
java_class_path (initial): C:\Users\AB\.gradle\wrapper\dists\gradle-6.7-all\cuy9mc7upwgwgeb72wkcrupxe\gradle-6.7\lib\gradle-launcher-6.7.jar
Launcher Type: SUN_STANDARD

Environment Variables:
JAVA_HOME=K:\ok\jre
CLASSPATH=C:\Users\AB\AndroidStudioProjects\future_face_flutter-main\android\\gradle\wrapper\gradle-wrapper.jar
PATH=C:\WINDOWS\system32;C:\WINDOWS;C:\WINDOWS\System32\Wbem;C:\WINDOWS\System32\WindowsPowerShell\v1.0\;C:\WINDOWS\System32\OpenSSH\;C:\Program Files\Git\cmd;C:\Program Files (x86)\Intel\Intel(R) Management Engine Components\DAL;C:\Program Files\Intel\Intel(R) Management Engine Components\DAL;G:\Google Download\flutter_windows_2.5.0-stable\flutter\bin;C:\Users\AB\AppData\Local\Programs\AdoptOpenJDK\jdk-11.0.10.9-hotspot\bin;C:\Users\AB\AppData\Local\Microsoft\WindowsApps;K:\flutter_windows_2.2.3-stable\flutter\bin;C:\Users\AB\AppData\Local\Programs\Microsoft VS Code\bin;K:\flutter_windows_2.2.3-stable\flutter\bin\mingit\cmd
USERNAME=AB
OS=Windows_NT
PROCESSOR_IDENTIFIER=Intel64 Family 6 Model 78 Stepping 3, GenuineIntel



---------------  S Y S T E M  ---------------

OS: Windows 10.0 , 64 bit Build 19041 (10.0.19041.1151)

CPU:total 4 (initial active 4) (2 cores per cpu, 2 threads per core) family 6 model 78 stepping 3, cmov, cx8, fxsr, mmx, sse, sse2, sse3, ssse3, sse4.1, sse4.2, popcnt, avx, avx2, aes, clmul, erms, rtm, 3dnowpref, lzcnt, ht, tsc, tscinvbit, bmi1, bmi2, adx

Memory: 4k page, physical 16666288k(321312k free), swap 47029064k(1440k free)

vm_info: OpenJDK 64-Bit Server VM (25.242-b01) for windows-amd64 JRE (1.8.0_242-release-1644-b01), built by "builder" with MS VC++ 10.0 (VS2010)

time: Wed Sep 15 12:13:30 2021
timezone: Pakistan Standard Time
elapsed time: 1068 seconds (0d 0h 17m 48s)

