#
# There is insufficient memory for the Java Runtime Environment to continue.
# Native memory allocation (malloc) failed to allocate 32744 bytes for ChunkPool::allocate
# Possible reasons:
#   The system is out of physical RAM or swap space
#   The process is running with CompressedOops enabled, and the Java Heap may be blocking the growth of the native heap
# Possible solutions:
#   Reduce memory load on the system
#   Increase physical memory or swap space
#   Check if swap backing store is full
#   Decrease Java heap size (-Xmx/-Xms)
#   Decrease number of Java threads
#   Decrease Java thread stack sizes (-Xss)
#   Set larger code cache with -XX:ReservedCodeCacheSize=
#   JVM is running with Zero Based Compressed Oops mode in which the Java heap is
#     placed in the first 32GB address space. The Java Heap base address is the
#     maximum limit for the native heap growth. Please use -XX:HeapBaseMinAddress
#     to set the Java Heap base and to place the Java Heap above 32GB virtual address.
# This output file may be truncated or incomplete.
#
#  Out of Memory Error (allocation.cpp:272), pid=8528, tid=0x0000000000000460
#
# JRE version: OpenJDK Runtime Environment (8.0_242-b01) (build 1.8.0_242-release-1644-b01)
# Java VM: OpenJDK 64-Bit Server VM (25.242-b01 mixed mode windows-amd64 compressed oops)
# Failed to write core dump. Minidumps are not enabled by default on client versions of Windows
#

---------------  T H R E A D  ---------------

Current thread (0x000000001bbc8000):  JavaThread "C2 CompilerThread0" daemon [_thread_in_native, id=1120, stack(0x000000001d220000,0x000000001d320000)]

Stack: [0x000000001d220000,0x000000001d320000]
[error occurred during error reporting (printing stack bounds), id 0xc0000005]

Native frames: (J=compiled Java code, j=interpreted, Vv=VM code, C=native code)


Current CompileTask:
C2:  16556 1060   !   4       sun.security.ssl.SSLSocketImpl::readRecord (840 bytes)


---------------  P R O C E S S  ---------------

Java Threads: ( => current thread )
  0x000000001d538800 JavaThread "Service Thread" daemon [_thread_blocked, id=20340, stack(0x000000001d920000,0x000000001da20000)]
  0x000000001bbf7000 JavaThread "C1 CompilerThread2" daemon [_thread_blocked, id=3496, stack(0x000000001d420000,0x000000001d520000)]
  0x000000001bbcc000 JavaThread "C2 CompilerThread1" daemon [_thread_blocked, id=14300, stack(0x000000001d320000,0x000000001d420000)]
=>0x000000001bbc8000 JavaThread "C2 CompilerThread0" daemon [_thread_in_native, id=1120, stack(0x000000001d220000,0x000000001d320000)]
  0x000000001bbc6800 JavaThread "Attach Listener" daemon [_thread_blocked, id=20992, stack(0x000000001d120000,0x000000001d220000)]
  0x000000001bbc5000 JavaThread "Signal Dispatcher" daemon [_thread_blocked, id=10856, stack(0x000000001d020000,0x000000001d120000)]
  0x00000000025db000 JavaThread "Finalizer" daemon [_thread_blocked, id=2940, stack(0x000000001ce20000,0x000000001cf20000)]
  0x00000000025d2000 JavaThread "Reference Handler" daemon [_thread_blocked, id=20440, stack(0x000000001cd20000,0x000000001ce20000)]
  0x0000000000bde000 JavaThread "main" [_thread_in_native, id=10120, stack(0x00000000023b0000,0x00000000024b0000)]

Other Threads:
  0x000000001bb86800 VMThread [stack: 0x000000001cc20000,0x000000001cd20000] [id=19780]
  0x000000001d53a000 WatcherThread [stack: 0x000000001da20000,0x000000001db20000] [id=21400]

VM state:not at safepoint (normal execution)

VM Mutex/Monitor currently owned by a thread: None

heap address: 0x00000006c1a00000, size: 4070 MB, Compressed Oops mode: Zero based, Oop shift amount: 3
Narrow klass base: 0x0000000000000000, Narrow klass shift: 3
Compressed class space size: 1073741824 Address: 0x00000007c0000000

Heap:
 PSYoungGen      total 67072K, used 41075K [0x000000076b380000, 0x000000076fe80000, 0x00000007c0000000)
  eden space 64000K, 59% used [0x000000076b380000,0x000000076d8ce1b0,0x000000076f200000)
  from space 3072K, 93% used [0x000000076f380000,0x000000076f64ec00,0x000000076f680000)
  to   space 3584K, 0% used [0x000000076fb00000,0x000000076fb00000,0x000000076fe80000)
 ParOldGen       total 175104K, used 48K [0x00000006c1a00000, 0x00000006cc500000, 0x000000076b380000)
  object space 175104K, 0% used [0x00000006c1a00000,0x00000006c1a0c000,0x00000006cc500000)
 Metaspace       used 9288K, capacity 9506K, committed 9600K, reserved 1058816K
  class space    used 994K, capacity 1071K, committed 1152K, reserved 1048576K

Card table byte_map: [0x00000000119a0000,0x00000000121a0000] byte_map_base: 0x000000000e393000

Marking Bits: (ParMarkBitMap*) 0x000000006b7ff030
 Begin Bits: [0x0000000012af0000, 0x0000000016a88000)
 End Bits:   [0x0000000016a88000, 0x000000001aa20000)

Polling page: 0x0000000000b40000

CodeCache: size=245760Kb used=3792Kb max_used=3805Kb free=241967Kb
 bounds [0x00000000025e0000, 0x00000000029a0000, 0x00000000115e0000]
 total_blobs=1436 nmethods=1059 adapters=291
 compilation: enabled

Compilation events (10 events):
Event: 9.171 Thread 0x000000001bbcc000 nmethod 1055 0x0000000002992590 code [0x00000000029926c0, 0x00000000029928f8]
Event: 9.293 Thread 0x000000001bbc8000 1056       4       java.lang.Thread::isInterrupted (6 bytes)
Event: 9.293 Thread 0x000000001bbc8000 nmethod 1056 0x0000000002993810 code [0x0000000002993960, 0x0000000002993a08]
Event: 13.531 Thread 0x000000001bbcc000 1057       4       com.sun.crypto.provider.GaloisCounterMode::expandToOneBlock (65 bytes)
Event: 13.534 Thread 0x000000001bbcc000 nmethod 1057 0x0000000002994dd0 code [0x0000000002994f20, 0x00000000029950b8]
Event: 13.655 Thread 0x000000001bbc8000 1058       4       com.sun.crypto.provider.GCTR::<init> (84 bytes)
Event: 13.657 Thread 0x000000001bbc8000 nmethod 1058 0x00000000029949d0 code [0x0000000002994b20, 0x0000000002994cb8]
Event: 16.027 Thread 0x000000001bbcc000 1059       4       java.nio.ByteBuffer::<init> (45 bytes)
Event: 16.030 Thread 0x000000001bbcc000 nmethod 1059 0x0000000002994390 code [0x00000000029944e0, 0x00000000029946f8]
Event: 16.450 Thread 0x000000001bbc8000 1060   !   4       sun.security.ssl.SSLSocketImpl::readRecord (840 bytes)

GC Heap History (10 events):
Event: 3.942 GC heap before
{Heap before GC invocations=1 (full 0):
 PSYoungGen      total 76288K, used 65536K [0x000000076b380000, 0x0000000770880000, 0x00000007c0000000)
  eden space 65536K, 100% used [0x000000076b380000,0x000000076f380000,0x000000076f380000)
  from space 10752K, 0% used [0x000000076fe00000,0x000000076fe00000,0x0000000770880000)
  to   space 10752K, 0% used [0x000000076f380000,0x000000076f380000,0x000000076fe00000)
 ParOldGen       total 175104K, used 0K [0x00000006c1a00000, 0x00000006cc500000, 0x000000076b380000)
  object space 175104K, 0% used [0x00000006c1a00000,0x00000006c1a00000,0x00000006cc500000)
 Metaspace       used 9284K, capacity 9506K, committed 9600K, reserved 1058816K
  class space    used 994K, capacity 1071K, committed 1152K, reserved 1048576K
Event: 3.948 GC heap after
Heap after GC invocations=1 (full 0):
 PSYoungGen      total 76288K, used 3427K [0x000000076b380000, 0x0000000770880000, 0x00000007c0000000)
  eden space 65536K, 0% used [0x000000076b380000,0x000000076b380000,0x000000076f380000)
  from space 10752K, 31% used [0x000000076f380000,0x000000076f6d8d18,0x000000076fe00000)
  to   space 10752K, 0% used [0x000000076fe00000,0x000000076fe00000,0x0000000770880000)
 ParOldGen       total 175104K, used 16K [0x00000006c1a00000, 0x00000006cc500000, 0x000000076b380000)
  object space 175104K, 0% used [0x00000006c1a00000,0x00000006c1a04000,0x00000006cc500000)
 Metaspace       used 9284K, capacity 9506K, committed 9600K, reserved 1058816K
  class space    used 994K, capacity 1071K, committed 1152K, reserved 1048576K
}
Event: 6.646 GC heap before
{Heap before GC invocations=2 (full 0):
 PSYoungGen      total 76288K, used 68963K [0x000000076b380000, 0x0000000770880000, 0x00000007c0000000)
  eden space 65536K, 100% used [0x000000076b380000,0x000000076f380000,0x000000076f380000)
  from space 10752K, 31% used [0x000000076f380000,0x000000076f6d8d18,0x000000076fe00000)
  to   space 10752K, 0% used [0x000000076fe00000,0x000000076fe00000,0x0000000770880000)
 ParOldGen       total 175104K, used 16K [0x00000006c1a00000, 0x00000006cc500000, 0x000000076b380000)
  object space 175104K, 0% used [0x00000006c1a00000,0x00000006c1a04000,0x00000006cc500000)
 Metaspace       used 9288K, capacity 9506K, committed 9600K, reserved 1058816K
  class space    used 994K, capacity 1071K, committed 1152K, reserved 1048576K
Event: 6.651 GC heap after
Heap after GC invocations=2 (full 0):
 PSYoungGen      total 76288K, used 2938K [0x000000076b380000, 0x0000000770880000, 0x00000007c0000000)
  eden space 65536K, 0% used [0x000000076b380000,0x000000076b380000,0x000000076f380000)
  from space 10752K, 27% used [0x000000076fe00000,0x00000007700de9c0,0x0000000770880000)
  to   space 10752K, 0% used [0x000000076f380000,0x000000076f380000,0x000000076fe00000)
 ParOldGen       total 175104K, used 24K [0x00000006c1a00000, 0x00000006cc500000, 0x000000076b380000)
  object space 175104K, 0% used [0x00000006c1a00000,0x00000006c1a06000,0x00000006cc500000)
 Metaspace       used 9288K, capacity 9506K, committed 9600K, reserved 1058816K
  class space    used 994K, capacity 1071K, committed 1152K, reserved 1048576K
}
Event: 9.237 GC heap before
{Heap before GC invocations=3 (full 0):
 PSYoungGen      total 76288K, used 68474K [0x000000076b380000, 0x0000000770880000, 0x00000007c0000000)
  eden space 65536K, 100% used [0x000000076b380000,0x000000076f380000,0x000000076f380000)
  from space 10752K, 27% used [0x000000076fe00000,0x00000007700de9c0,0x0000000770880000)
  to   space 10752K, 0% used [0x000000076f380000,0x000000076f380000,0x000000076fe00000)
 ParOldGen       total 175104K, used 24K [0x00000006c1a00000, 0x00000006cc500000, 0x000000076b380000)
  object space 175104K, 0% used [0x00000006c1a00000,0x00000006c1a06000,0x00000006cc500000)
 Metaspace       used 9288K, capacity 9506K, committed 9600K, reserved 1058816K
  class space    used 994K, capacity 1071K, committed 1152K, reserved 1048576K
Event: 9.241 GC heap after
Heap after GC invocations=3 (full 0):
 PSYoungGen      total 76288K, used 2908K [0x000000076b380000, 0x0000000770880000, 0x00000007c0000000)
  eden space 65536K, 0% used [0x000000076b380000,0x000000076b380000,0x000000076f380000)
  from space 10752K, 27% used [0x000000076f380000,0x000000076f6572c8,0x000000076fe00000)
  to   space 10752K, 0% used [0x000000076fe00000,0x000000076fe00000,0x0000000770880000)
 ParOldGen       total 175104K, used 32K [0x00000006c1a00000, 0x00000006cc500000, 0x000000076b380000)
  object space 175104K, 0% used [0x00000006c1a00000,0x00000006c1a08000,0x00000006cc500000)
 Metaspace       used 9288K, capacity 9506K, committed 9600K, reserved 1058816K
  class space    used 994K, capacity 1071K, committed 1152K, reserved 1048576K
}
Event: 12.667 GC heap before
{Heap before GC invocations=4 (full 0):
 PSYoungGen      total 76288K, used 68444K [0x000000076b380000, 0x0000000770880000, 0x00000007c0000000)
  eden space 65536K, 100% used [0x000000076b380000,0x000000076f380000,0x000000076f380000)
  from space 10752K, 27% used [0x000000076f380000,0x000000076f6572c8,0x000000076fe00000)
  to   space 10752K, 0% used [0x000000076fe00000,0x000000076fe00000,0x0000000770880000)
 ParOldGen       total 175104K, used 32K [0x00000006c1a00000, 0x00000006cc500000, 0x000000076b380000)
  object space 175104K, 0% used [0x00000006c1a00000,0x00000006c1a08000,0x00000006cc500000)
 Metaspace       used 9288K, capacity 9506K, committed 9600K, reserved 1058816K
  class space    used 994K, capacity 1071K, committed 1152K, reserved 1048576K
Event: 12.670 GC heap after
Heap after GC invocations=4 (full 0):
 PSYoungGen      total 76288K, used 2955K [0x000000076b380000, 0x0000000770880000, 0x00000007c0000000)
  eden space 65536K, 0% used [0x000000076b380000,0x000000076b380000,0x000000076f380000)
  from space 10752K, 27% used [0x000000076fe00000,0x00000007700e2c10,0x0000000770880000)
  to   space 10752K, 0% used [0x000000076f380000,0x000000076f380000,0x000000076fe00000)
 ParOldGen       total 175104K, used 40K [0x00000006c1a00000, 0x00000006cc500000, 0x000000076b380000)
  object space 175104K, 0% used [0x00000006c1a00000,0x00000006c1a0a000,0x00000006cc500000)
 Metaspace       used 9288K, capacity 9506K, committed 9600K, reserved 1058816K
  class space    used 994K, capacity 1071K, committed 1152K, reserved 1048576K
}
Event: 15.095 GC heap before
{Heap before GC invocations=5 (full 0):
 PSYoungGen      total 76288K, used 68491K [0x000000076b380000, 0x0000000770880000, 0x00000007c0000000)
  eden space 65536K, 100% used [0x000000076b380000,0x000000076f380000,0x000000076f380000)
  from space 10752K, 27% used [0x000000076fe00000,0x00000007700e2c10,0x0000000770880000)
  to   space 10752K, 0% used [0x000000076f380000,0x000000076f380000,0x000000076fe00000)
 ParOldGen       total 175104K, used 40K [0x00000006c1a00000, 0x00000006cc500000, 0x000000076b380000)
  object space 175104K, 0% used [0x00000006c1a00000,0x00000006c1a0a000,0x00000006cc500000)
 Metaspace       used 9288K, capacity 9506K, committed 9600K, reserved 1058816K
  class space    used 994K, capacity 1071K, committed 1152K, reserved 1048576K
Event: 15.100 GC heap after
Heap after GC invocations=5 (full 0):
 PSYoungGen      total 67072K, used 2875K [0x000000076b380000, 0x000000076fe80000, 0x00000007c0000000)
  eden space 64000K, 0% used [0x000000076b380000,0x000000076b380000,0x000000076f200000)
  from space 3072K, 93% used [0x000000076f380000,0x000000076f64ec00,0x000000076f680000)
  to   space 3584K, 0% used [0x000000076fb00000,0x000000076fb00000,0x000000076fe80000)
 ParOldGen       total 175104K, used 48K [0x00000006c1a00000, 0x00000006cc500000, 0x000000076b380000)
  object space 175104K, 0% used [0x00000006c1a00000,0x00000006c1a0c000,0x00000006cc500000)
 Metaspace       used 9288K, capacity 9506K, committed 9600K, reserved 1058816K
  class space    used 994K, capacity 1071K, committed 1152K, reserved 1048576K
}

Deoptimization events (10 events):
Event: 1.827 Thread 0x0000000000bde000 Uncommon trap: reason=class_check action=maybe_recompile pc=0x0000000002857704 method=java.io.DataInputStream.readInt()I @ 4
Event: 1.941 Thread 0x0000000000bde000 Uncommon trap: reason=class_check action=maybe_recompile pc=0x00000000028d6aac method=sun.security.util.math.intpoly.IntegerPolynomial$MutableElement.setSum(Lsun/security/util/math/IntegerModuloP;)Lsun/security/util/math/intpoly/IntegerPolynomial$MutableE
Event: 1.942 Thread 0x0000000000bde000 Uncommon trap: reason=class_check action=maybe_recompile pc=0x00000000028d6aac method=sun.security.util.math.intpoly.IntegerPolynomial$MutableElement.setSum(Lsun/security/util/math/IntegerModuloP;)Lsun/security/util/math/intpoly/IntegerPolynomial$MutableE
Event: 1.942 Thread 0x0000000000bde000 Uncommon trap: reason=class_check action=maybe_recompile pc=0x00000000028d6aac method=sun.security.util.math.intpoly.IntegerPolynomial$MutableElement.setSum(Lsun/security/util/math/IntegerModuloP;)Lsun/security/util/math/intpoly/IntegerPolynomial$MutableE
Event: 1.942 Thread 0x0000000000bde000 Uncommon trap: reason=class_check action=maybe_recompile pc=0x00000000028d6aac method=sun.security.util.math.intpoly.IntegerPolynomial$MutableElement.setSum(Lsun/security/util/math/IntegerModuloP;)Lsun/security/util/math/intpoly/IntegerPolynomial$MutableE
Event: 2.287 Thread 0x0000000000bde000 Uncommon trap: reason=predicate action=maybe_recompile pc=0x00000000028f5550 method=java.util.regex.Pattern$SliceI.match(Ljava/util/regex/Matcher;ILjava/lang/CharSequence;)Z @ 21
Event: 2.287 Thread 0x0000000000bde000 Uncommon trap: reason=class_check action=maybe_recompile pc=0x0000000002873240 method=java.util.HashMap.putVal(ILjava/lang/Object;Ljava/lang/Object;ZZ)Ljava/lang/Object; @ 91
Event: 2.292 Thread 0x0000000000bde000 Uncommon trap: reason=class_check action=maybe_recompile pc=0x0000000002873240 method=java.util.HashMap.putVal(ILjava/lang/Object;Ljava/lang/Object;ZZ)Ljava/lang/Object; @ 91
Event: 2.293 Thread 0x0000000000bde000 Uncommon trap: reason=class_check action=maybe_recompile pc=0x0000000002873240 method=java.util.HashMap.putVal(ILjava/lang/Object;Ljava/lang/Object;ZZ)Ljava/lang/Object; @ 91
Event: 2.296 Thread 0x0000000000bde000 Uncommon trap: reason=class_check action=maybe_recompile pc=0x0000000002873240 method=java.util.HashMap.putVal(ILjava/lang/Object;Ljava/lang/Object;ZZ)Ljava/lang/Object; @ 91

Classes redefined (0 events):
No events

Internal exceptions (10 events):
Event: 0.048 Thread 0x0000000000bde000 Exception <a 'java/lang/NoSuchMethodError': Method sun.misc.Unsafe.defineClass(Ljava/lang/String;[BII)Ljava/lang/Class; name or signature does not match> (0x000000076b387cc8) thrown at [C:\src\AOSP-openjdk-git\hotspot\src\share\vm\prims\jni.cpp, line 4013
Event: 0.048 Thread 0x0000000000bde000 Exception <a 'java/lang/NoSuchMethodError': Method sun.misc.Unsafe.prefetchRead(Ljava/lang/Object;J)V name or signature does not match> (0x000000076b387fb0) thrown at [C:\src\AOSP-openjdk-git\hotspot\src\share\vm\prims\jni.cpp, line 4013]
Event: 0.222 Thread 0x0000000000bde000 Exception <a 'java/security/PrivilegedActionException'> (0x000000076b48c7c0) thrown at [C:\src\AOSP-openjdk-git\hotspot\src\share\vm\prims\jvm.cpp, line 1502]
Event: 0.222 Thread 0x0000000000bde000 Exception <a 'java/security/PrivilegedActionException'> (0x000000076b48c9d0) thrown at [C:\src\AOSP-openjdk-git\hotspot\src\share\vm\prims\jvm.cpp, line 1502]
Event: 0.223 Thread 0x0000000000bde000 Exception <a 'java/security/PrivilegedActionException'> (0x000000076b48e520) thrown at [C:\src\AOSP-openjdk-git\hotspot\src\share\vm\prims\jvm.cpp, line 1502]
Event: 0.223 Thread 0x0000000000bde000 Exception <a 'java/security/PrivilegedActionException'> (0x000000076b48e730) thrown at [C:\src\AOSP-openjdk-git\hotspot\src\share\vm\prims\jvm.cpp, line 1502]
Event: 0.223 Thread 0x0000000000bde000 Exception <a 'java/security/PrivilegedActionException'> (0x000000076b48f178) thrown at [C:\src\AOSP-openjdk-git\hotspot\src\share\vm\prims\jvm.cpp, line 1502]
Event: 0.223 Thread 0x0000000000bde000 Exception <a 'java/security/PrivilegedActionException'> (0x000000076b48f388) thrown at [C:\src\AOSP-openjdk-git\hotspot\src\share\vm\prims\jvm.cpp, line 1502]
Event: 1.295 Thread 0x0000000000bde000 Exception <a 'java/lang/NoSuchFieldError': method resolution failed> (0x000000076bcafc58) thrown at [C:\src\AOSP-openjdk-git\hotspot\src\share\vm\prims\methodHandles.cpp, line 1167]
Event: 1.297 Thread 0x0000000000bde000 Exception <a 'java/lang/NoSuchFieldError': method resolution failed> (0x000000076bcbd398) thrown at [C:\src\AOSP-openjdk-git\hotspot\src\share\vm\prims\methodHandles.cpp, line 1167]

Events (10 events):
Event: 4.150 Executing VM operation: EnableBiasedLocking
Event: 4.150 Executing VM operation: EnableBiasedLocking done
Event: 6.646 Executing VM operation: ParallelGCFailedAllocation
Event: 6.651 Executing VM operation: ParallelGCFailedAllocation done
Event: 9.237 Executing VM operation: ParallelGCFailedAllocation
Event: 9.241 Executing VM operation: ParallelGCFailedAllocation done
Event: 12.667 Executing VM operation: ParallelGCFailedAllocation
Event: 12.670 Executing VM operation: ParallelGCFailedAllocation done
Event: 15.095 Executing VM operation: ParallelGCFailedAllocation
Event: 15.100 Executing VM operation: ParallelGCFailedAllocation done


Dynamic libraries:
0x00007ff668120000 - 0x00007ff668151000 	K:\ok\jre\bin\java.exe
0x00007ffac7670000 - 0x00007ffac7865000 	C:\WINDOWS\SYSTEM32\ntdll.dll
0x00007ffac6150000 - 0x00007ffac620d000 	C:\WINDOWS\System32\KERNEL32.DLL
0x00007ffac4f50000 - 0x00007ffac5219000 	C:\WINDOWS\System32\KERNELBASE.dll
0x00007ffac7290000 - 0x00007ffac733c000 	C:\WINDOWS\System32\ADVAPI32.dll
0x00007ffac7590000 - 0x00007ffac762e000 	C:\WINDOWS\System32\msvcrt.dll
0x00007ffac56d0000 - 0x00007ffac576b000 	C:\WINDOWS\System32\sechost.dll
0x00007ffac6fa0000 - 0x00007ffac70ca000 	C:\WINDOWS\System32\RPCRT4.dll
0x00007ffac70f0000 - 0x00007ffac7290000 	C:\WINDOWS\System32\USER32.dll
0x00007ffac5670000 - 0x00007ffac5692000 	C:\WINDOWS\System32\win32u.dll
0x00007ffac6c80000 - 0x00007ffac6caa000 	C:\WINDOWS\System32\GDI32.dll
0x00007ffac52b0000 - 0x00007ffac53bb000 	C:\WINDOWS\System32\gdi32full.dll
0x00007ffac53c0000 - 0x00007ffac545d000 	C:\WINDOWS\System32\msvcp_win.dll
0x00007ffac4e50000 - 0x00007ffac4f50000 	C:\WINDOWS\System32\ucrtbase.dll
0x00007ffaae300000 - 0x00007ffaae59a000 	C:\WINDOWS\WinSxS\amd64_microsoft.windows.common-controls_6595b64144ccf1df_6.0.19041.1110_none_60b5254171f9507e\COMCTL32.dll
0x00007ffac73d0000 - 0x00007ffac7400000 	C:\WINDOWS\System32\IMM32.DLL
0x000000006b880000 - 0x000000006b952000 	K:\ok\jre\jre\bin\msvcr100.dll
0x000000006b030000 - 0x000000006b87b000 	K:\ok\jre\jre\bin\server\jvm.dll
0x00007ffac62f0000 - 0x00007ffac62f8000 	C:\WINDOWS\System32\PSAPI.DLL
0x00007ffaaa690000 - 0x00007ffaaa699000 	C:\WINDOWS\SYSTEM32\WSOCK32.dll
0x00007ffac6cb0000 - 0x00007ffac6d1b000 	C:\WINDOWS\System32\WS2_32.dll
0x00007ffaafba0000 - 0x00007ffaafbc7000 	C:\WINDOWS\SYSTEM32\WINMM.dll
0x00007ffabb860000 - 0x00007ffabb86a000 	C:\WINDOWS\SYSTEM32\VERSION.dll
0x00007ffac0850000 - 0x00007ffac085f000 	K:\ok\jre\jre\bin\verify.dll
0x00007ffabeca0000 - 0x00007ffabecc9000 	K:\ok\jre\jre\bin\java.dll
0x00007ffac0830000 - 0x00007ffac0846000 	K:\ok\jre\jre\bin\zip.dll
0x00007ffac6540000 - 0x00007ffac6c7f000 	C:\WINDOWS\System32\SHELL32.dll
0x00007ffac2eb0000 - 0x00007ffac3640000 	C:\WINDOWS\SYSTEM32\windows.storage.dll
0x00007ffac57f0000 - 0x00007ffac5b45000 	C:\WINDOWS\System32\combase.dll
0x00007ffac4800000 - 0x00007ffac482c000 	C:\WINDOWS\SYSTEM32\Wldp.dll
0x00007ffac63c0000 - 0x00007ffac646e000 	C:\WINDOWS\System32\SHCORE.dll
0x00007ffac6300000 - 0x00007ffac6355000 	C:\WINDOWS\System32\shlwapi.dll
0x00007ffac4ce0000 - 0x00007ffac4cff000 	C:\WINDOWS\SYSTEM32\profapi.dll
0x00007ffabeae0000 - 0x00007ffabeafa000 	K:\ok\jre\jre\bin\net.dll
0x00007ffac4560000 - 0x00007ffac45ca000 	C:\WINDOWS\system32\mswsock.dll
0x00007ffabeac0000 - 0x00007ffabead3000 	K:\ok\jre\jre\bin\nio.dll
0x00007ffa99d80000 - 0x00007ffa99da4000 	K:\ok\jre\jre\bin\sunec.dll
0x00007ffac4750000 - 0x00007ffac4768000 	C:\WINDOWS\SYSTEM32\CRYPTSP.dll
0x00007ffac3e70000 - 0x00007ffac3ea4000 	C:\WINDOWS\system32\rsaenh.dll
0x00007ffac56a0000 - 0x00007ffac56c7000 	C:\WINDOWS\System32\bcrypt.dll
0x00007ffac4ca0000 - 0x00007ffac4cce000 	C:\WINDOWS\SYSTEM32\USERENV.dll
0x00007ffac5220000 - 0x00007ffac52a3000 	C:\WINDOWS\System32\bcryptprimitives.dll
0x00007ffac4770000 - 0x00007ffac477c000 	C:\WINDOWS\SYSTEM32\CRYPTBASE.dll
0x00007ffac4200000 - 0x00007ffac423b000 	C:\WINDOWS\SYSTEM32\IPHLPAPI.DLL
0x00007ffac70e0000 - 0x00007ffac70e8000 	C:\WINDOWS\System32\NSI.dll
0x00007ffabc750000 - 0x00007ffabc767000 	C:\WINDOWS\SYSTEM32\dhcpcsvc6.DLL
0x00007ffabc5a0000 - 0x00007ffabc5bd000 	C:\WINDOWS\SYSTEM32\dhcpcsvc.DLL
0x00007ffac4250000 - 0x00007ffac431c000 	C:\WINDOWS\SYSTEM32\DNSAPI.dll
0x00007ffabdd30000 - 0x00007ffabdd3b000 	K:\ok\jre\jre\bin\sunmscapi.dll
0x00007ffac5510000 - 0x00007ffac566f000 	C:\WINDOWS\System32\CRYPT32.dll
0x00007ffabb490000 - 0x00007ffabb49a000 	C:\Windows\System32\rasadhlp.dll
0x00007ffab6b80000 - 0x00007ffab6bff000 	C:\WINDOWS\System32\fwpuclnt.dll

VM Arguments:
jvm_args: -Dorg.gradle.appname=gradlew 
java_command: org.gradle.wrapper.GradleWrapperMain -q -Ptarget-platform=android-arm64 -Ptarget=C:\Users\AB\AndroidStudioProjects\future_face_flutter-main\lib\main.dart -Pdart-defines=Zmx1dHRlci5pbnNwZWN0b3Iuc3RydWN0dXJlZEVycm9ycz10cnVl,RkxVVFRFUl9XRUJfQVVUT19ERVRFQ1Q9dHJ1ZQ== -Pdart-obfuscation=false -Ptrack-widget-creation=true -Ptree-shake-icons=false -Pfilesystem-scheme=org-dartlang-root assembleDebug
java_class_path (initial): C:\Users\AB\AndroidStudioProjects\future_face_flutter-main\android\\gradle\wrapper\gradle-wrapper.jar
Launcher Type: SUN_STANDARD

Environment Variables:
JAVA_HOME=K:\ok\jre
CLASSPATH=C:\Users\AB\AndroidStudioProjects\future_face_flutter-main\android\\gradle\wrapper\gradle-wrapper.jar
PATH=C:\WINDOWS\system32;C:\WINDOWS;C:\WINDOWS\System32\Wbem;C:\WINDOWS\System32\WindowsPowerShell\v1.0\;C:\WINDOWS\System32\OpenSSH\;C:\Program Files\Git\cmd;C:\Program Files (x86)\Intel\Intel(R) Management Engine Components\DAL;C:\Program Files\Intel\Intel(R) Management Engine Components\DAL;G:\Google Download\flutter_windows_2.5.0-stable\flutter\bin;C:\Users\AB\AppData\Local\Programs\AdoptOpenJDK\jdk-11.0.10.9-hotspot\bin;C:\Users\AB\AppData\Local\Microsoft\WindowsApps;K:\flutter_windows_2.2.3-stable\flutter\bin;C:\Users\AB\AppData\Local\Programs\Microsoft VS Code\bin;K:\flutter_windows_2.2.3-stable\flutter\bin\mingit\cmd
USERNAME=AB
OS=Windows_NT
PROCESSOR_IDENTIFIER=Intel64 Family 6 Model 78 Stepping 3, GenuineIntel



---------------  S Y S T E M  ---------------

OS: Windows 10.0 , 64 bit Build 19041 (10.0.19041.1151)

CPU:total 4 (initial active 4) (2 cores per cpu, 2 threads per core) family 6 model 78 stepping 3, cmov, cx8, fxsr, mmx, sse, sse2, sse3, ssse3, sse4.1, sse4.2, popcnt, avx, avx2, aes, clmul, erms, rtm, 3dnowpref, lzcnt, ht, tsc, tscinvbit, bmi1, bmi2, adx

Memory: 4k page, physical 16666288k(561360k free), swap 47029064k(1348k free)

vm_info: OpenJDK 64-Bit Server VM (25.242-b01) for windows-amd64 JRE (1.8.0_242-release-1644-b01), built by "builder" with MS VC++ 10.0 (VS2010)

time: Wed Sep 15 11:39:46 2021
timezone: Pakistan Standard Time
elapsed time: 16 seconds (0d 0h 0m 16s)

